# JRE version: OpenJDK Runtime Environment Temurin-21.0.12.1+1 (21.0.12.1+1) (build 21.0.12.1+1-LTS)
# Java VM: OpenJDK 64-Bit Server VM Temurin-21.0.12.1+1 (21.0.12.1+1-LTS, mixed mode, sharing, tiered, compressed oops, compressed class ptrs, g1 gc, windows-amd64)
GC Precious Log:
 CardTable entry size: 512
 Card Set container configuration: InlinePtr #cards 5 size 8 Array Of Cards #cards 12 size 40 Howl #buckets 4 coarsen threshold 1843 Howl Bitmap #cards 512 size 80 coarsen threshold 460 Card regions per heap region 1 cards per card region 2048
 CPUs: 12 total, 12 available
 Memory: 7835M
 Large Page Support: Disabled
 NUMA Support: Disabled
 Compressed Oops: Enabled (32-bit)
 Heap Region Size: 1M
 Heap Min Capacity: 256M
 Heap Initial Capacity: 256M
 Heap Max Capacity: 512M
 Pre-touch: Disabled
 Parallel Workers: 10
 Concurrent Workers: 3
 Concurrent Refinement Workers: 10
 Periodic GC: Disabled
Heap:
 garbage-first heap   total 262144K, used 166870K [0x00000000e0000000, 0x0000000100000000)
  region size 1024K, 14 young (14336K), 8 survivors (8192K)
 Metaspace       used 97791K, committed 99968K, reserved 458752K
  class space    used 13630K, committed 14720K, reserved 327680K
GC Heap History (20 events):
Event: 34.626 GC heap before
{Heap before GC invocations=9 (full 0):
 garbage-first heap   total 262144K, used 180597K [0x00000000e0000000, 0x0000000100000000)
  region size 1024K, 153 young (156672K), 20 survivors (20480K)
 Metaspace       used 50329K, committed 52032K, reserved 393216K
  class space    used 7218K, committed 8064K, reserved 327680K
}
Event: 34.651 GC heap after
{Heap after GC invocations=10 (full 0):
 garbage-first heap   total 262144K, used 51980K [0x00000000e0000000, 0x0000000100000000)
  region size 1024K, 9 young (9216K), 9 survivors (9216K)
 Metaspace       used 50329K, committed 52032K, reserved 393216K
  class space    used 7218K, committed 8064K, reserved 327680K
}
Event: 40.734 GC heap before
{Heap before GC invocations=10 (full 0):
 garbage-first heap   total 262144K, used 167692K [0x00000000e0000000, 0x0000000100000000)
  region size 1024K, 112 young (114688K), 9 survivors (9216K)
 Metaspace       used 59475K, committed 61248K, reserved 393216K
  class space    used 8382K, committed 9280K, reserved 327680K
}
Event: 40.751 GC heap after
{Heap after GC invocations=11 (full 0):
 garbage-first heap   total 262144K, used 73484K [0x00000000e0000000, 0x0000000100000000)
  region size 1024K, 19 young (19456K), 19 survivors (19456K)
 Metaspace       used 59475K, committed 61248K, reserved 393216K
  class space    used 8382K, committed 9280K, reserved 327680K
}
Event: 47.678 GC heap before
{Heap before GC invocations=12 (full 0):
 garbage-first heap   total 262144K, used 218892K [0x00000000e0000000, 0x0000000100000000)
  region size 1024K, 153 young (156672K), 19 survivors (19456K)
 Metaspace       used 71975K, committed 73856K, reserved 393216K
  class space    used 10085K, committed 11008K, reserved 327680K
}
Event: 47.697 GC heap after
{Heap after GC invocations=13 (full 0):
 garbage-first heap   total 262144K, used 83263K [0x00000000e0000000, 0x0000000100000000)
  region size 1024K, 10 young (10240K), 10 survivors (10240K)
 Metaspace       used 71975K, committed 73856K, reserved 393216K
  class space    used 10085K, committed 11008K, reserved 327680K
}
Event: 58.085 GC heap before
{Heap before GC invocations=13 (full 0):
 garbage-first heap   total 262144K, used 221503K [0x00000000e0000000, 0x0000000100000000)
  region size 1024K, 143 young (146432K), 10 survivors (10240K)
 Metaspace       used 75413K, committed 77376K, reserved 458752K
  class space    used 10588K, committed 11584K, reserved 327680K
}
Event: 58.109 GC heap after
{Heap after GC invocations=14 (full 0):
 garbage-first heap   total 262144K, used 96983K [0x00000000e0000000, 0x0000000100000000)
  region size 1024K, 18 young (18432K), 18 survivors (18432K)
 Metaspace       used 75413K, committed 77376K, reserved 458752K
  class space    used 10588K, committed 11584K, reserved 327680K
}
Event: 64.570 GC heap before
{Heap before GC invocations=14 (full 0):
 garbage-first heap   total 262144K, used 226007K [0x00000000e0000000, 0x0000000100000000)
  region size 1024K, 143 young (146432K), 18 survivors (18432K)
 Metaspace       used 78984K, committed 81024K, reserved 458752K
  class space    used 10988K, committed 12032K, reserved 327680K
}
Event: 64.590 GC heap after
{Heap after GC invocations=15 (full 0):
 garbage-first heap   total 262144K, used 109697K [0x00000000e0000000, 0x0000000100000000)
  region size 1024K, 16 young (16384K), 16 survivors (16384K)
 Metaspace       used 78984K, committed 81024K, reserved 458752K
  class space    used 10988K, committed 12032K, reserved 327680K
}
Event: 67.220 GC heap before
{Heap before GC invocations=15 (full 0):
 garbage-first heap   total 262144K, used 228481K [0x00000000e0000000, 0x0000000100000000)
  region size 1024K, 128 young (131072K), 16 survivors (16384K)
 Metaspace       used 84545K, committed 86528K, reserved 458752K
  class space    used 11658K, committed 12672K, reserved 327680K
}
Event: 67.233 GC heap after
{Heap after GC invocations=16 (full 0):
 garbage-first heap   total 262144K, used 125192K [0x00000000e0000000, 0x0000000100000000)
  region size 1024K, 13 young (13312K), 13 survivors (13312K)
 Metaspace       used 84545K, committed 86528K, reserved 458752K
  class space    used 11658K, committed 12672K, reserved 327680K
}
Event: 71.019 GC heap before
{Heap before GC invocations=17 (full 0):
 garbage-first heap   total 262144K, used 230664K [0x00000000e0000000, 0x0000000100000000)
  region size 1024K, 114 young (116736K), 13 survivors (13312K)
 Metaspace       used 91059K, committed 93184K, reserved 458752K
  class space    used 12533K, committed 13568K, reserved 327680K
}
Event: 71.031 GC heap after
{Heap after GC invocations=18 (full 0):
 garbage-first heap   total 262144K, used 134338K [0x00000000e0000000, 0x0000000100000000)
  region size 1024K, 9 young (9216K), 9 survivors (9216K)
 Metaspace       used 91059K, committed 93184K, reserved 458752K
  class space    used 12533K, committed 13568K, reserved 327680K
}
Event: 79.055 GC heap before
{Heap before GC invocations=18 (full 0):
 garbage-first heap   total 262144K, used 231618K [0x00000000e0000000, 0x0000000100000000)
  region size 1024K, 104 young (106496K), 9 survivors (9216K)
 Metaspace       used 96959K, committed 99136K, reserved 458752K
  class space    used 13544K, committed 14592K, reserved 327680K
}
Event: 79.073 GC heap after
{Heap after GC invocations=19 (full 0):
 garbage-first heap   total 262144K, used 139622K [0x00000000e0000000, 0x0000000100000000)
  region size 1024K, 8 young (8192K), 8 survivors (8192K)
 Metaspace       used 96959K, committed 99136K, reserved 458752K
  class space    used 13544K, committed 14592K, reserved 327680K
}
Event: 83.741 GC heap before
{Heap before GC invocations=19 (full 0):
 garbage-first heap   total 262144K, used 232806K [0x00000000e0000000, 0x0000000100000000)
  region size 1024K, 100 young (102400K), 8 survivors (8192K)
 Metaspace       used 97149K, committed 99328K, reserved 458752K
  class space    used 13550K, committed 14592K, reserved 327680K
}
Event: 83.761 GC heap after
{Heap after GC invocations=20 (full 0):
 garbage-first heap   total 262144K, used 146973K [0x00000000e0000000, 0x0000000100000000)
  region size 1024K, 8 young (8192K), 8 survivors (8192K)
 Metaspace       used 97149K, committed 99328K, reserved 458752K
  class space    used 13550K, committed 14592K, reserved 327680K
}
Event: 102.917 GC heap before
{Heap before GC invocations=21 (full 0):
 garbage-first heap   total 262144K, used 245277K [0x00000000e0000000, 0x0000000100000000)
  region size 1024K, 95 young (97280K), 8 survivors (8192K)
 Metaspace       used 97768K, committed 99968K, reserved 458752K
  class space    used 13630K, committed 14720K, reserved 327680K
}
Event: 102.990 GC heap after
{Heap after GC invocations=22 (full 0):
 garbage-first heap   total 262144K, used 163218K [0x00000000e0000000, 0x0000000100000000)
  region size 1024K, 11 young (11264K), 11 survivors (11264K)
 Metaspace       used 97768K, committed 99968K, reserved 458752K
  class space    used 13630K, committed 14720K, reserved 327680K
}

