# JRE version: OpenJDK Runtime Environment Temurin-21.0.10+7 (21.0.10+7) (build 21.0.10+7-LTS)
# Java VM: OpenJDK 64-Bit Server VM Temurin-21.0.10+7 (21.0.10+7-LTS, mixed mode, sharing, tiered, compressed oops, compressed class ptrs, g1 gc, windows-amd64)
GC Precious Log:
 CardTable entry size: 512
 Card Set container configuration: InlinePtr #cards 5 size 8 Array Of Cards #cards 12 size 40 Howl #buckets 4 coarsen threshold 1843 Howl Bitmap #cards 512 size 80 coarsen threshold 460 Card regions per heap region 1 cards per card region 2048
 CPUs: 12 total, 12 available
 Memory: 7835M
 Large Page Support: Disabled
 NUMA Support: Disabled
 Compressed Oops: Enabled (32-bit)
 Heap Region Size: 1M
 Heap Min Capacity: 8M
 Heap Initial Capacity: 124M
 Heap Max Capacity: 2G
 Pre-touch: Disabled
 Parallel Workers: 10
 Concurrent Workers: 3
 Concurrent Refinement Workers: 10
 Periodic GC: Disabled
Heap:
 garbage-first heap   total 94208K, used 54910K [0x0000000080000000, 0x0000000100000000)
  region size 1024K, 21 young (21504K), 5 survivors (5120K)
 Metaspace       used 54495K, committed 56192K, reserved 491520K
  class space    used 7874K, committed 8704K, reserved 425984K
GC Heap History (20 events):
Event: 6.337 GC heap before
{Heap before GC invocations=2 (full 0):
 garbage-first heap   total 126976K, used 60036K [0x0000000080000000, 0x0000000100000000)
  region size 1024K, 51 young (52224K), 5 survivors (5120K)
 Metaspace       used 4956K, committed 5248K, reserved 491520K
  class space    used 647K, committed 768K, reserved 425984K
}
Event: 6.350 GC heap after
{Heap after GC invocations=3 (full 0):
 garbage-first heap   total 126976K, used 16851K [0x0000000080000000, 0x0000000100000000)
  region size 1024K, 5 young (5120K), 5 survivors (5120K)
 Metaspace       used 4956K, committed 5248K, reserved 491520K
  class space    used 647K, committed 768K, reserved 425984K
}
Event: 11.871 GC heap before
{Heap before GC invocations=3 (full 0):
 garbage-first heap   total 126976K, used 86483K [0x0000000080000000, 0x0000000100000000)
  region size 1024K, 74 young (75776K), 5 survivors (5120K)
 Metaspace       used 17822K, committed 18304K, reserved 491520K
  class space    used 2558K, committed 2752K, reserved 425984K
}
Event: 11.880 GC heap after
{Heap after GC invocations=4 (full 0):
 garbage-first heap   total 126976K, used 22670K [0x0000000080000000, 0x0000000100000000)
  region size 1024K, 10 young (10240K), 10 survivors (10240K)
 Metaspace       used 17822K, committed 18304K, reserved 491520K
  class space    used 2558K, committed 2752K, reserved 425984K
}
Event: 14.649 GC heap before
{Heap before GC invocations=4 (full 0):
 garbage-first heap   total 126976K, used 46222K [0x0000000080000000, 0x0000000100000000)
  region size 1024K, 34 young (34816K), 10 survivors (10240K)
 Metaspace       used 20859K, committed 21504K, reserved 491520K
  class space    used 3078K, committed 3392K, reserved 425984K
}
Event: 14.717 GC heap after
{Heap after GC invocations=5 (full 0):
 garbage-first heap   total 126976K, used 24805K [0x0000000080000000, 0x0000000100000000)
  region size 1024K, 3 young (3072K), 3 survivors (3072K)
 Metaspace       used 20859K, committed 21504K, reserved 491520K
  class space    used 3078K, committed 3392K, reserved 425984K
}
Event: 23.070 GC heap before
{Heap before GC invocations=6 (full 0):
 garbage-first heap   total 86016K, used 84197K [0x0000000080000000, 0x0000000100000000)
  region size 1024K, 62 young (63488K), 3 survivors (3072K)
 Metaspace       used 29626K, committed 30592K, reserved 491520K
  class space    used 4387K, committed 4864K, reserved 425984K
}
Event: 23.085 GC heap after
{Heap after GC invocations=7 (full 0):
 garbage-first heap   total 93184K, used 28905K [0x0000000080000000, 0x0000000100000000)
  region size 1024K, 7 young (7168K), 7 survivors (7168K)
 Metaspace       used 29626K, committed 30592K, reserved 491520K
  class space    used 4387K, committed 4864K, reserved 425984K
}
Event: 26.678 GC heap before
{Heap before GC invocations=7 (full 0):
 garbage-first heap   total 93184K, used 81129K [0x0000000080000000, 0x0000000100000000)
  region size 1024K, 54 young (55296K), 7 survivors (7168K)
 Metaspace       used 34807K, committed 35840K, reserved 491520K
  class space    used 4939K, committed 5440K, reserved 425984K
}
Event: 26.687 GC heap after
{Heap after GC invocations=8 (full 0):
 garbage-first heap   total 94208K, used 32356K [0x0000000080000000, 0x0000000100000000)
  region size 1024K, 5 young (5120K), 5 survivors (5120K)
 Metaspace       used 34807K, committed 35840K, reserved 491520K
  class space    used 4939K, committed 5440K, reserved 425984K
}
Event: 26.971 GC heap before
{Heap before GC invocations=8 (full 0):
 garbage-first heap   total 94208K, used 33380K [0x0000000080000000, 0x0000000100000000)
  region size 1024K, 7 young (7168K), 5 survivors (5120K)
 Metaspace       used 34919K, committed 35968K, reserved 491520K
  class space    used 4960K, committed 5504K, reserved 425984K
}
Event: 26.975 GC heap after
{Heap after GC invocations=9 (full 0):
 garbage-first heap   total 94208K, used 32559K [0x0000000080000000, 0x0000000100000000)
  region size 1024K, 1 young (1024K), 1 survivors (1024K)
 Metaspace       used 34919K, committed 35968K, reserved 491520K
  class space    used 4960K, committed 5504K, reserved 425984K
}
Event: 33.704 GC heap before
{Heap before GC invocations=10 (full 0):
 garbage-first heap   total 94208K, used 78639K [0x0000000080000000, 0x0000000100000000)
  region size 1024K, 46 young (47104K), 1 survivors (1024K)
 Metaspace       used 39984K, committed 41408K, reserved 491520K
  class space    used 5775K, committed 6464K, reserved 425984K
}
Event: 33.708 GC heap after
{Heap after GC invocations=11 (full 0):
 garbage-first heap   total 94208K, used 34916K [0x0000000080000000, 0x0000000100000000)
  region size 1024K, 4 young (4096K), 4 survivors (4096K)
 Metaspace       used 39984K, committed 41408K, reserved 491520K
  class space    used 5775K, committed 6464K, reserved 425984K
}
Event: 40.691 GC heap before
{Heap before GC invocations=11 (full 0):
 garbage-first heap   total 94208K, used 80996K [0x0000000080000000, 0x0000000100000000)
  region size 1024K, 47 young (48128K), 4 survivors (4096K)
 Metaspace       used 42573K, committed 44096K, reserved 491520K
  class space    used 6066K, committed 6784K, reserved 425984K
}
Event: 40.699 GC heap after
{Heap after GC invocations=12 (full 0):
 garbage-first heap   total 94208K, used 35738K [0x0000000080000000, 0x0000000100000000)
  region size 1024K, 5 young (5120K), 5 survivors (5120K)
 Metaspace       used 42573K, committed 44096K, reserved 491520K
  class space    used 6066K, committed 6784K, reserved 425984K
}
Event: 63.527 GC heap before
{Heap before GC invocations=12 (full 0):
 garbage-first heap   total 94208K, used 80794K [0x0000000080000000, 0x0000000100000000)
  region size 1024K, 49 young (50176K), 5 survivors (5120K)
 Metaspace       used 47405K, committed 49024K, reserved 491520K
  class space    used 6842K, committed 7616K, reserved 425984K
}
Event: 63.838 GC heap after
{Heap after GC invocations=13 (full 0):
 garbage-first heap   total 94208K, used 37619K [0x0000000080000000, 0x0000000100000000)
  region size 1024K, 3 young (3072K), 3 survivors (3072K)
 Metaspace       used 47405K, committed 49024K, reserved 491520K
  class space    used 6842K, committed 7616K, reserved 425984K
}
Event: 99.700 GC heap before
{Heap before GC invocations=13 (full 0):
 garbage-first heap   total 94208K, used 83699K [0x0000000080000000, 0x0000000100000000)
  region size 1024K, 48 young (49152K), 3 survivors (3072K)
 Metaspace       used 52371K, committed 54080K, reserved 491520K
  class space    used 7541K, committed 8384K, reserved 425984K
}
Event: 99.786 GC heap after
{Heap after GC invocations=14 (full 0):
 garbage-first heap   total 94208K, used 39550K [0x0000000080000000, 0x0000000100000000)
  region size 1024K, 5 young (5120K), 5 survivors (5120K)
 Metaspace       used 52371K, committed 54080K, reserved 491520K
  class space    used 7541K, committed 8384K, reserved 425984K
}

