# JRE version: OpenJDK Runtime Environment Temurin-21.0.12.1+1 (21.0.12.1+1) (build 21.0.12.1+1-LTS)
# Java VM: OpenJDK 64-Bit Server VM Temurin-21.0.12.1+1 (21.0.12.1+1-LTS, mixed mode, sharing, tiered, compressed oops, compressed class ptrs, g1 gc, windows-amd64)
GC Precious Log:
 CardTable entry size: 512
 Card Set container configuration: InlinePtr #cards 5 size 8 Array Of Cards #cards 12 size 40 Howl #buckets 4 coarsen threshold 1843 Howl Bitmap #cards 512 size 80 coarsen threshold 460 Card regions per heap region 1 cards per card region 2048
 CPUs: 12 total, 12 available
 Memory: 7835M
 Large Page Support: Disabled
 NUMA Support: Disabled
 Compressed Oops: Enabled (32-bit)
 Heap Region Size: 1M
 Heap Min Capacity: 8M
 Heap Initial Capacity: 124M
 Heap Max Capacity: 2G
 Pre-touch: Disabled
 Parallel Workers: 10
 Concurrent Workers: 3
 Concurrent Refinement Workers: 10
 Periodic GC: Disabled
Heap:
 garbage-first heap   total 97280K, used 73473K [0x0000000080000000, 0x0000000100000000)
  region size 1024K, 21 young (21504K), 4 survivors (4096K)
 Metaspace       used 69637K, committed 71680K, reserved 491520K
  class space    used 10103K, committed 11136K, reserved 425984K
GC Heap History (20 events):
Event: 42.541 GC heap before
{Heap before GC invocations=10 (full 0):
 garbage-first heap   total 95232K, used 82244K [0x0000000080000000, 0x0000000100000000)
  region size 1024K, 49 young (50176K), 1 survivors (1024K)
 Metaspace       used 40359K, committed 41856K, reserved 491520K
  class space    used 5848K, committed 6592K, reserved 425984K
}
Event: 42.547 GC heap after
{Heap after GC invocations=11 (full 0):
 garbage-first heap   total 95232K, used 36049K [0x0000000080000000, 0x0000000100000000)
  region size 1024K, 4 young (4096K), 4 survivors (4096K)
 Metaspace       used 40359K, committed 41856K, reserved 491520K
  class space    used 5848K, committed 6592K, reserved 425984K
}
Event: 44.117 GC heap before
{Heap before GC invocations=11 (full 0):
 garbage-first heap   total 95232K, used 84177K [0x0000000080000000, 0x0000000100000000)
  region size 1024K, 49 young (50176K), 4 survivors (4096K)
 Metaspace       used 43243K, committed 44864K, reserved 491520K
  class space    used 6180K, committed 6976K, reserved 425984K
}
Event: 44.124 GC heap after
{Heap after GC invocations=12 (full 0):
 garbage-first heap   total 95232K, used 36739K [0x0000000080000000, 0x0000000100000000)
  region size 1024K, 5 young (5120K), 5 survivors (5120K)
 Metaspace       used 43243K, committed 44864K, reserved 491520K
  class space    used 6180K, committed 6976K, reserved 425984K
}
Event: 48.378 GC heap before
{Heap before GC invocations=12 (full 0):
 garbage-first heap   total 95232K, used 83843K [0x0000000080000000, 0x0000000100000000)
  region size 1024K, 51 young (52224K), 5 survivors (5120K)
 Metaspace       used 48066K, committed 49728K, reserved 491520K
  class space    used 6971K, committed 7744K, reserved 425984K
}
Event: 48.386 GC heap after
{Heap after GC invocations=13 (full 0):
 garbage-first heap   total 95232K, used 39820K [0x0000000080000000, 0x0000000100000000)
  region size 1024K, 5 young (5120K), 5 survivors (5120K)
 Metaspace       used 48066K, committed 49728K, reserved 491520K
  class space    used 6971K, committed 7744K, reserved 425984K
}
Event: 58.755 GC heap before
{Heap before GC invocations=13 (full 0):
 garbage-first heap   total 95232K, used 83852K [0x0000000080000000, 0x0000000100000000)
  region size 1024K, 48 young (49152K), 5 survivors (5120K)
 Metaspace       used 53579K, committed 55296K, reserved 491520K
  class space    used 7733K, committed 8576K, reserved 425984K
}
Event: 58.764 GC heap after
{Heap after GC invocations=14 (full 0):
 garbage-first heap   total 95232K, used 40345K [0x0000000080000000, 0x0000000100000000)
  region size 1024K, 2 young (2048K), 2 survivors (2048K)
 Metaspace       used 53579K, committed 55296K, reserved 491520K
  class space    used 7733K, committed 8576K, reserved 425984K
}
Event: 63.526 GC heap before
{Heap before GC invocations=14 (full 0):
 garbage-first heap   total 95232K, used 85401K [0x0000000080000000, 0x0000000100000000)
  region size 1024K, 46 young (47104K), 2 survivors (2048K)
 Metaspace       used 57375K, committed 59200K, reserved 491520K
  class space    used 8349K, committed 9216K, reserved 425984K
}
Event: 63.536 GC heap after
{Heap after GC invocations=15 (full 0):
 garbage-first heap   total 95232K, used 43598K [0x0000000080000000, 0x0000000100000000)
  region size 1024K, 6 young (6144K), 6 survivors (6144K)
 Metaspace       used 57375K, committed 59200K, reserved 491520K
  class space    used 8349K, committed 9216K, reserved 425984K
}
Event: 64.943 GC heap before
{Heap before GC invocations=15 (full 0):
 garbage-first heap   total 95232K, used 73294K [0x0000000080000000, 0x0000000100000000)
  region size 1024K, 37 young (37888K), 6 survivors (6144K)
 Metaspace       used 58296K, committed 60096K, reserved 491520K
  class space    used 8428K, committed 9344K, reserved 425984K
}
Event: 64.958 GC heap after
{Heap after GC invocations=16 (full 0):
 garbage-first heap   total 95232K, used 44245K [0x0000000080000000, 0x0000000100000000)
  region size 1024K, 2 young (2048K), 2 survivors (2048K)
 Metaspace       used 58296K, committed 60096K, reserved 491520K
  class space    used 8428K, committed 9344K, reserved 425984K
}
Event: 72.045 GC heap before
{Heap before GC invocations=17 (full 0):
 garbage-first heap   total 95232K, used 91349K [0x0000000080000000, 0x0000000100000000)
  region size 1024K, 42 young (43008K), 2 survivors (2048K)
 Metaspace       used 61245K, committed 63104K, reserved 491520K
  class space    used 8801K, committed 9728K, reserved 425984K
}
Event: 72.057 GC heap after
{Heap after GC invocations=18 (full 0):
 garbage-first heap   total 97280K, used 53760K [0x0000000080000000, 0x0000000100000000)
  region size 1024K, 5 young (5120K), 5 survivors (5120K)
 Metaspace       used 61245K, committed 63104K, reserved 491520K
  class space    used 8801K, committed 9728K, reserved 425984K
}
Event: 75.102 GC heap before
{Heap before GC invocations=18 (full 0):
 garbage-first heap   total 97280K, used 88576K [0x0000000080000000, 0x0000000100000000)
  region size 1024K, 39 young (39936K), 5 survivors (5120K)
 Metaspace       used 63658K, committed 65600K, reserved 491520K
  class space    used 9165K, committed 10112K, reserved 425984K
}
Event: 75.125 GC heap after
{Heap after GC invocations=19 (full 0):
 garbage-first heap   total 97280K, used 55352K [0x0000000080000000, 0x0000000100000000)
  region size 1024K, 3 young (3072K), 3 survivors (3072K)
 Metaspace       used 63658K, committed 65600K, reserved 491520K
  class space    used 9165K, committed 10112K, reserved 425984K
}
Event: 77.648 GC heap before
{Heap before GC invocations=19 (full 0):
 garbage-first heap   total 97280K, used 89144K [0x0000000080000000, 0x0000000100000000)
  region size 1024K, 36 young (36864K), 3 survivors (3072K)
 Metaspace       used 66573K, committed 68608K, reserved 491520K
  class space    used 9629K, committed 10624K, reserved 425984K
}
Event: 77.659 GC heap after
{Heap after GC invocations=20 (full 0):
 garbage-first heap   total 97280K, used 56048K [0x0000000080000000, 0x0000000100000000)
  region size 1024K, 3 young (3072K), 3 survivors (3072K)
 Metaspace       used 66573K, committed 68608K, reserved 491520K
  class space    used 9629K, committed 10624K, reserved 425984K
}
Event: 80.706 GC heap before
{Heap before GC invocations=21 (full 0):
 garbage-first heap   total 97280K, used 89840K [0x0000000080000000, 0x0000000100000000)
  region size 1024K, 36 young (36864K), 3 survivors (3072K)
 Metaspace       used 68715K, committed 70784K, reserved 491520K
  class space    used 9956K, committed 10944K, reserved 425984K
}
Event: 80.711 GC heap after
{Heap after GC invocations=22 (full 0):
 garbage-first heap   total 97280K, used 57089K [0x0000000080000000, 0x0000000100000000)
  region size 1024K, 4 young (4096K), 4 survivors (4096K)
 Metaspace       used 68715K, committed 70784K, reserved 491520K
  class space    used 9956K, committed 10944K, reserved 425984K
}

